::1 - - [04/Feb/2019:16:54:37 +0000] "GET / HTTP/1.1" 200 16 "-" "PostmanRuntime/7.4.0"
::1 - - [04/Feb/2019:16:56:08 +0000] "GET /students HTTP/1.1" 200 - "-" "PostmanRuntime/7.4.0"
::1 - - [04/Feb/2019:17:33:05 +0000] "POST /students HTTP/1.1" 200 16 "-" "PostmanRuntime/7.4.0"
::1 - - [04/Feb/2019:17:33:15 +0000] "GET /students HTTP/1.1" 200 160 "-" "PostmanRuntime/7.4.0"
::1 - - [04/Feb/2019:17:36:56 +0000] "GET /students HTTP/1.1" 200 15 "-" "PostmanRuntime/7.4.0"
::1 - - [04/Feb/2019:17:37:43 +0000] "POST /students HTTP/1.1" 200 16 "-" "PostmanRuntime/7.4.0"
::1 - - [04/Feb/2019:17:37:50 +0000] "GET /students HTTP/1.1" 200 87 "-" "PostmanRuntime/7.4.0"
::1 - - [04/Feb/2019:17:39:49 +0000] "POST /students HTTP/1.1" 200 16 "-" "PostmanRuntime/7.4.0"
::1 - - [04/Feb/2019:17:40:39 +0000] "POST /students HTTP/1.1" 200 16 "-" "PostmanRuntime/7.4.0"
::1 - - [04/Feb/2019:17:42:30 +0000] "POST /students HTTP/1.1" 200 16 "-" "PostmanRuntime/7.4.0"
::1 - - [04/Feb/2019:17:43:49 +0000] "POST /students HTTP/1.1" 200 16 "-" "PostmanRuntime/7.4.0"
::1 - - [04/Feb/2019:17:44:26 +0000] "POST /students HTTP/1.1" 200 16 "-" "PostmanRuntime/7.4.0"
::1 - - [04/Feb/2019:17:53:15 +0000] "POST /students HTTP/1.1" 200 16 "-" "PostmanRuntime/7.4.0"
::1 - - [04/Feb/2019:17:53:19 +0000] "POST /students HTTP/1.1" 200 16 "-" "PostmanRuntime/7.4.0"
::1 - - [04/Feb/2019:17:53:41 +0000] "POST /students HTTP/1.1" 200 16 "-" "PostmanRuntime/7.4.0"
::1 - - [04/Feb/2019:17:53:51 +0000] "GET /students HTTP/1.1" 200 574 "-" "PostmanRuntime/7.4.0"
::1 - - [04/Feb/2019:18:04:03 +0000] "POST /students HTTP/1.1" 500 17 "-" "PostmanRuntime/7.4.0"
::1 - - [04/Feb/2019:18:08:16 +0000] "POST /students HTTP/1.1" 200 16 "-" "PostmanRuntime/7.4.0"
::1 - - [04/Feb/2019:18:08:19 +0000] "POST /students HTTP/1.1" 200 16 "-" "PostmanRuntime/7.4.0"
::1 - - [04/Feb/2019:18:08:22 +0000] "POST /students HTTP/1.1" 200 16 "-" "PostmanRuntime/7.4.0"
::1 - - [04/Feb/2019:18:08:36 +0000] "GET /students HTTP/1.1" 200 574 "-" "PostmanRuntime/7.4.0"
::1 - - [04/Feb/2019:18:17:17 +0000] "POST /students HTTP/1.1" 200 16 "-" "PostmanRuntime/7.4.0"
::1 - - [04/Feb/2019:18:17:19 +0000] "POST /students HTTP/1.1" 200 16 "-" "PostmanRuntime/7.4.0"
::1 - - [04/Feb/2019:18:17:22 +0000] "POST /students HTTP/1.1" 200 16 "-" "PostmanRuntime/7.4.0"
::1 - - [04/Feb/2019:18:17:26 +0000] "GET /students HTTP/1.1" 200 561 "-" "PostmanRuntime/7.4.0"
::1 - - [04/Feb/2019:18:50:16 +0000] "GET /students/5c5881add196986abb26959d HTTP/1.1" 200 191 "-" "PostmanRuntime/7.4.0"
::1 - - [04/Feb/2019:18:50:42 +0000] "GET /students HTTP/1.1" 200 561 "-" "PostmanRuntime/7.4.0"
::1 - - [04/Feb/2019:19:09:06 +0000] "POST /students HTTP/1.1" 200 16 "-" "PostmanRuntime/7.4.0"
::1 - - [04/Feb/2019:19:09:23 +0000] "POST /students HTTP/1.1" 200 16 "-" "PostmanRuntime/7.4.0"
::1 - - [04/Feb/2019:19:09:27 +0000] "POST /students HTTP/1.1" 200 16 "-" "PostmanRuntime/7.4.0"
::1 - - [04/Feb/2019:19:09:32 +0000] "GET /students HTTP/1.1" 200 561 "-" "PostmanRuntime/7.4.0"
::1 - - [04/Feb/2019:19:23:00 +0000] "POST /students HTTP/1.1" 200 16 "-" "PostmanRuntime/7.4.0"
::1 - - [04/Feb/2019:19:23:04 +0000] "POST /students HTTP/1.1" 200 16 "-" "PostmanRuntime/7.4.0"
::1 - - [04/Feb/2019:19:23:07 +0000] "POST /students HTTP/1.1" 200 16 "-" "PostmanRuntime/7.4.0"
::1 - - [04/Feb/2019:19:23:10 +0000] "GET /students HTTP/1.1" 200 561 "-" "PostmanRuntime/7.4.0"
::1 - - [04/Feb/2019:19:23:16 +0000] "GET /students/5c5891148d46b5778d160ab4 HTTP/1.1" 200 191 "-" "PostmanRuntime/7.4.0"
::1 - - [04/Feb/2019:19:24:09 +0000] "GET /students/unpublished HTTP/1.1" 500 115 "-" "PostmanRuntime/7.4.0"
::1 - - [04/Feb/2019:19:26:08 +0000] "POST /students HTTP/1.1" 500 114 "-" "PostmanRuntime/7.4.0"
::1 - - [04/Feb/2019:19:26:46 +0000] "POST /students HTTP/1.1" 200 16 "-" "PostmanRuntime/7.4.0"
::1 - - [04/Feb/2019:19:26:57 +0000] "GET /students/published HTTP/1.1" 500 113 "-" "PostmanRuntime/7.4.0"
::1 - - [04/Feb/2019:19:49:34 +0000] "GET /students/ HTTP/1.1" 200 208 "-" "PostmanRuntime/7.4.0"
::1 - - [04/Feb/2019:19:50:28 +0000] "GET /students/?published=false HTTP/1.1" 200 578 "-" "PostmanRuntime/7.4.0"
::1 - - [04/Feb/2019:19:51:01 +0000] "GET /students/?published=true HTTP/1.1" 200 578 "-" "PostmanRuntime/7.4.0"
::1 - - [04/Feb/2019:19:51:22 +0000] "GET /students/ HTTP/1.1" 200 208 "-" "PostmanRuntime/7.4.0"
::1 - - [04/Feb/2019:19:55:53 +0000] "GET /students/ HTTP/1.1" 200 578 "-" "PostmanRuntime/7.4.0"
::1 - - [04/Feb/2019:19:56:14 +0000] "GET /students/?published=false HTTP/1.1" 200 2 "-" "PostmanRuntime/7.4.0"
::1 - - [04/Feb/2019:19:56:26 +0000] "GET /students/?published=ture HTTP/1.1" 500 113 "-" "PostmanRuntime/7.4.0"
::1 - - [04/Feb/2019:19:56:30 +0000] "GET /students/?published=true HTTP/1.1" 200 208 "-" "PostmanRuntime/7.4.0"
::1 - - [04/Feb/2019:19:56:57 +0000] "GET /students/?published=ture HTTP/1.1" 500 113 "-" "PostmanRuntime/7.4.0"
::1 - - [04/Feb/2019:19:57:36 +0000] "GET /students/?published=true HTTP/1.1" 200 208 "-" "PostmanRuntime/7.4.0"
::1 - - [05/Feb/2019:00:28:00 +0000] "POST /students HTTP/1.1" 200 16 "-" "PostmanRuntime/7.4.0"
::1 - - [05/Feb/2019:00:28:04 +0000] "POST /students HTTP/1.1" 200 16 "-" "PostmanRuntime/7.4.0"
::1 - - [05/Feb/2019:00:28:07 +0000] "POST /students HTTP/1.1" 200 16 "-" "PostmanRuntime/7.4.0"
::1 - - [05/Feb/2019:00:28:16 +0000] "GET /students/?published=true HTTP/1.1" 200 2 "-" "PostmanRuntime/7.4.0"
::1 - - [05/Feb/2019:00:28:24 +0000] "GET /students/ HTTP/1.1" 200 537 "-" "PostmanRuntime/7.4.0"
::1 - - [05/Feb/2019:00:33:29 +0000] "POST /students HTTP/1.1" 200 16 "-" "PostmanRuntime/7.4.0"
::1 - - [05/Feb/2019:00:33:32 +0000] "POST /students HTTP/1.1" 200 16 "-" "PostmanRuntime/7.4.0"
::1 - - [05/Feb/2019:00:33:34 +0000] "POST /students HTTP/1.1" 200 16 "-" "PostmanRuntime/7.4.0"
::1 - - [05/Feb/2019:00:33:38 +0000] "GET /students/ HTTP/1.1" 200 543 "-" "PostmanRuntime/7.4.0"
::1 - - [05/Feb/2019:02:04:15 +0000] "GET /students/5c58d9d984d3262b09576d69 HTTP/1.1" 200 185 "-" "PostmanRuntime/7.4.0"
::1 - - [05/Feb/2019:02:07:34 +0000] "GET /students/ HTTP/1.1" 200 543 "-" "PostmanRuntime/7.4.0"
::1 - - [05/Feb/2019:02:21:48 +0000] "GET /questions HTTP/1.1" 200 543 "-" "PostmanRuntime/7.4.0"
::1 - - [05/Feb/2019:02:24:18 +0000] "GET /questions HTTP/1.1" 200 2 "-" "PostmanRuntime/7.4.0"
::1 - - [05/Feb/2019:02:29:07 +0000] "POST /questions HTTP/1.1" 200 16 "-" "PostmanRuntime/7.4.0"
::1 - - [05/Feb/2019:02:29:18 +0000] "POST /questions HTTP/1.1" 200 16 "-" "PostmanRuntime/7.4.0"
::1 - - [05/Feb/2019:02:58:44 +0000] "POST /users HTTP/1.1" 200 16 "-" "PostmanRuntime/7.4.0"
::1 - - [05/Feb/2019:02:59:25 +0000] "POST /users HTTP/1.1" 200 16 "-" "PostmanRuntime/7.4.0"
::1 - - [05/Feb/2019:02:59:42 +0000] "POST /users HTTP/1.1" 200 16 "-" "PostmanRuntime/7.4.0"
::1 - - [05/Feb/2019:03:05:32 +0000] "GET /users HTTP/1.1" 200 663 "-" "PostmanRuntime/7.4.0"
::1 - - [05/Feb/2019:03:06:02 +0000] "GET /users?admin=true HTTP/1.1" 200 215 "-" "PostmanRuntime/7.4.0"
::1 - - [05/Feb/2019:03:06:17 +0000] "GET /users?admin=false HTTP/1.1" 200 449 "-" "PostmanRuntime/7.4.0"
::1 - - [05/Feb/2019:03:06:49 +0000] "GET /users HTTP/1.1" 200 663 "-" "PostmanRuntime/7.4.0"
